[0.651s] DEBUG:colcon:Command line arguments: ['/usr/bin/colcon', 'build', '--symlink-install']
[0.651s] DEBUG:colcon:Parsed command line arguments: Namespace(allow_overriding=[], ament_cmake_args=None, base_paths=['.'], build_base='build', catkin_cmake_args=None, catkin_skip_building_tests=False, cmake_args=None, cmake_clean_cache=False, cmake_clean_first=False, cmake_force_configure=False, cmake_target=None, cmake_target_skip_unavailable=False, continue_on_error=False, event_handlers=None, executor='parallel', ignore_user_meta=False, install_base='install', log_base=None, log_level=None, main=<bound method BuildVerb.main of <colcon_core.verb.build.BuildVerb object at 0x7fabc9a908>>, merge_install=False, metas=['./colcon.meta'], packages_above=None, packages_above_and_dependencies=None, packages_above_depth=None, packages_end=None, packages_ignore=None, packages_ignore_regex=None, packages_select=None, packages_select_build_failed=False, packages_select_by_dep=None, packages_select_regex=None, packages_select_test_failures=False, packages_skip=None, packages_skip_build_finished=False, packages_skip_by_dep=None, packages_skip_regex=None, packages_skip_test_passed=False, packages_skip_up_to=None, packages_start=None, packages_up_to=None, packages_up_to_regex=None, parallel_workers=4, paths=None, symlink_install=True, test_result_base=None, verb_extension=<colcon_core.verb.build.BuildVerb object at 0x7fabc9a908>, verb_name='build', verb_parser=<colcon_defaults.argument_parser.defaults.DefaultArgumentsDecorator object at 0x7fabc9ac50>)
[0.771s] Level 1:colcon.colcon_core.package_discovery:discover_packages(colcon_meta) check parameters
[0.771s] Level 1:colcon.colcon_core.package_discovery:discover_packages(recursive) check parameters
[0.771s] Level 1:colcon.colcon_core.package_discovery:discover_packages(ignore) check parameters
[0.772s] Level 1:colcon.colcon_core.package_discovery:discover_packages(path) check parameters
[0.772s] Level 1:colcon.colcon_core.package_discovery:discover_packages(colcon_meta) discover
[0.774s] Level 1:colcon.colcon_core.package_discovery:discover_packages(recursive) discover
[0.775s] INFO:colcon.colcon_core.package_discovery:Crawling recursively for packages in '/home/dllab/ros2_ws'
[0.775s] Level 1:colcon.colcon_core.package_identification:_identify(.) by extensions ['ignore', 'ignore_ament_install']
[0.776s] Level 1:colcon.colcon_core.package_identification:_identify(.) by extension 'ignore'
[0.776s] Level 1:colcon.colcon_core.package_identification:_identify(.) by extension 'ignore_ament_install'
[0.777s] Level 1:colcon.colcon_core.package_identification:_identify(.) by extensions ['colcon_pkg']
[0.777s] Level 1:colcon.colcon_core.package_identification:_identify(.) by extension 'colcon_pkg'
[0.778s] Level 1:colcon.colcon_core.package_identification:_identify(.) by extensions ['colcon_meta']
[0.778s] Level 1:colcon.colcon_core.package_identification:_identify(.) by extension 'colcon_meta'
[0.778s] Level 1:colcon.colcon_core.package_identification:_identify(.) by extensions ['ros']
[0.778s] Level 1:colcon.colcon_core.package_identification:_identify(.) by extension 'ros'
[0.842s] Level 1:colcon.colcon_core.package_identification:_identify(.) by extensions ['cmake', 'python']
[0.842s] Level 1:colcon.colcon_core.package_identification:_identify(.) by extension 'cmake'
[0.843s] Level 1:colcon.colcon_core.package_identification:_identify(.) by extension 'python'
[0.843s] Level 1:colcon.colcon_core.package_identification:_identify(.) by extensions ['python_setup_py']
[0.843s] Level 1:colcon.colcon_core.package_identification:_identify(.) by extension 'python_setup_py'
[0.844s] Level 1:colcon.colcon_core.package_identification:_identify(build) by extensions ['ignore', 'ignore_ament_install']
[0.844s] Level 1:colcon.colcon_core.package_identification:_identify(build) by extension 'ignore'
[0.844s] Level 1:colcon.colcon_core.package_identification:_identify(build) ignored
[0.846s] Level 1:colcon.colcon_core.package_identification:_identify(install) by extensions ['ignore', 'ignore_ament_install']
[0.846s] Level 1:colcon.colcon_core.package_identification:_identify(install) by extension 'ignore'
[0.846s] Level 1:colcon.colcon_core.package_identification:_identify(install) ignored
[0.847s] Level 1:colcon.colcon_core.package_identification:_identify(log) by extensions ['ignore', 'ignore_ament_install']
[0.847s] Level 1:colcon.colcon_core.package_identification:_identify(log) by extension 'ignore'
[0.847s] Level 1:colcon.colcon_core.package_identification:_identify(log) ignored
[0.848s] Level 1:colcon.colcon_core.package_identification:_identify(src) by extensions ['ignore', 'ignore_ament_install']
[0.848s] Level 1:colcon.colcon_core.package_identification:_identify(src) by extension 'ignore'
[0.848s] Level 1:colcon.colcon_core.package_identification:_identify(src) by extension 'ignore_ament_install'
[0.848s] Level 1:colcon.colcon_core.package_identification:_identify(src) by extensions ['colcon_pkg']
[0.849s] Level 1:colcon.colcon_core.package_identification:_identify(src) by extension 'colcon_pkg'
[0.849s] Level 1:colcon.colcon_core.package_identification:_identify(src) by extensions ['colcon_meta']
[0.849s] Level 1:colcon.colcon_core.package_identification:_identify(src) by extension 'colcon_meta'
[0.849s] Level 1:colcon.colcon_core.package_identification:_identify(src) by extensions ['ros']
[0.849s] Level 1:colcon.colcon_core.package_identification:_identify(src) by extension 'ros'
[0.850s] Level 1:colcon.colcon_core.package_identification:_identify(src) by extensions ['cmake', 'python']
[0.850s] Level 1:colcon.colcon_core.package_identification:_identify(src) by extension 'cmake'
[0.850s] Level 1:colcon.colcon_core.package_identification:_identify(src) by extension 'python'
[0.850s] Level 1:colcon.colcon_core.package_identification:_identify(src) by extensions ['python_setup_py']
[0.850s] Level 1:colcon.colcon_core.package_identification:_identify(src) by extension 'python_setup_py'
[0.851s] Level 1:colcon.colcon_core.package_identification:_identify(src/turtlesim_test) by extensions ['ignore', 'ignore_ament_install']
[0.851s] Level 1:colcon.colcon_core.package_identification:_identify(src/turtlesim_test) by extension 'ignore'
[0.851s] Level 1:colcon.colcon_core.package_identification:_identify(src/turtlesim_test) by extension 'ignore_ament_install'
[0.852s] Level 1:colcon.colcon_core.package_identification:_identify(src/turtlesim_test) by extensions ['colcon_pkg']
[0.852s] Level 1:colcon.colcon_core.package_identification:_identify(src/turtlesim_test) by extension 'colcon_pkg'
[0.852s] Level 1:colcon.colcon_core.package_identification:_identify(src/turtlesim_test) by extensions ['colcon_meta']
[0.852s] Level 1:colcon.colcon_core.package_identification:_identify(src/turtlesim_test) by extension 'colcon_meta'
[0.852s] Level 1:colcon.colcon_core.package_identification:_identify(src/turtlesim_test) by extensions ['ros']
[0.852s] Level 1:colcon.colcon_core.package_identification:_identify(src/turtlesim_test) by extension 'ros'
[0.866s] DEBUG:colcon.colcon_core.package_identification:Package 'src/turtlesim_test' with type 'ros.ament_python' and name 'turtlesim_test'
[0.866s] Level 1:colcon.colcon_core.package_discovery:discover_packages(recursive) using defaults
[0.867s] Level 1:colcon.colcon_core.package_discovery:discover_packages(ignore) discover
[0.868s] Level 1:colcon.colcon_core.package_discovery:discover_packages(ignore) using defaults
[0.868s] Level 1:colcon.colcon_core.package_discovery:discover_packages(path) discover
[0.868s] Level 1:colcon.colcon_core.package_discovery:discover_packages(path) using defaults
[0.949s] Level 1:colcon.colcon_core.package_discovery:discover_packages(prefix_path) check parameters
[0.949s] Level 1:colcon.colcon_core.package_discovery:discover_packages(prefix_path) discover
[0.969s] DEBUG:colcon.colcon_installed_package_information.package_discovery:Found 218 installed packages in /opt/ros/dashing
[0.977s] Level 1:colcon.colcon_core.package_discovery:discover_packages(prefix_path) using defaults
[1.436s] Level 5:colcon.colcon_core.verb:set package 'turtlesim_test' build argument 'cmake_args' from command line to 'None'
[1.436s] Level 5:colcon.colcon_core.verb:set package 'turtlesim_test' build argument 'cmake_target' from command line to 'None'
[1.436s] Level 5:colcon.colcon_core.verb:set package 'turtlesim_test' build argument 'cmake_target_skip_unavailable' from command line to 'False'
[1.437s] Level 5:colcon.colcon_core.verb:set package 'turtlesim_test' build argument 'cmake_clean_cache' from command line to 'False'
[1.437s] Level 5:colcon.colcon_core.verb:set package 'turtlesim_test' build argument 'cmake_clean_first' from command line to 'False'
[1.437s] Level 5:colcon.colcon_core.verb:set package 'turtlesim_test' build argument 'cmake_force_configure' from command line to 'False'
[1.437s] Level 5:colcon.colcon_core.verb:set package 'turtlesim_test' build argument 'ament_cmake_args' from command line to 'None'
[1.437s] Level 5:colcon.colcon_core.verb:set package 'turtlesim_test' build argument 'catkin_cmake_args' from command line to 'None'
[1.438s] Level 5:colcon.colcon_core.verb:set package 'turtlesim_test' build argument 'catkin_skip_building_tests' from command line to 'False'
[1.438s] DEBUG:colcon.colcon_core.verb:Building package 'turtlesim_test' with the following arguments: {'ament_cmake_args': None, 'build_base': '/home/dllab/ros2_ws/build/turtlesim_test', 'catkin_cmake_args': None, 'catkin_skip_building_tests': False, 'cmake_args': None, 'cmake_clean_cache': False, 'cmake_clean_first': False, 'cmake_force_configure': False, 'cmake_target': None, 'cmake_target_skip_unavailable': False, 'install_base': '/home/dllab/ros2_ws/install/turtlesim_test', 'merge_install': False, 'path': '/home/dllab/ros2_ws/src/turtlesim_test', 'symlink_install': True, 'test_result_base': None}
[1.439s] INFO:colcon.colcon_core.executor:Executing jobs using 'parallel' executor
[1.443s] DEBUG:colcon.colcon_parallel_executor.executor.parallel:run_until_complete
[1.444s] INFO:colcon.colcon_ros.task.ament_python.build:Building ROS package in '/home/dllab/ros2_ws/src/turtlesim_test' with build type 'ament_python'
[1.445s] Level 1:colcon.colcon_core.shell:create_environment_hook('turtlesim_test', 'ament_prefix_path')
[1.472s] INFO:colcon.colcon_core.plugin_system:Skipping extension 'colcon_core.shell.bat': Not used on non-Windows systems
[1.473s] INFO:colcon.colcon_core.shell:Creating environment hook '/home/dllab/ros2_ws/install/turtlesim_test/share/turtlesim_test/hook/ament_prefix_path.ps1'
[1.479s] INFO:colcon.colcon_core.shell:Creating environment descriptor '/home/dllab/ros2_ws/install/turtlesim_test/share/turtlesim_test/hook/ament_prefix_path.dsv'
[1.482s] INFO:colcon.colcon_core.shell:Creating environment hook '/home/dllab/ros2_ws/install/turtlesim_test/share/turtlesim_test/hook/ament_prefix_path.sh'
[1.489s] INFO:colcon.colcon_core.shell:Skip shell extension 'powershell' for command environment: Not usable outside of PowerShell
[1.489s] DEBUG:colcon.colcon_core.shell:Skip shell extension 'dsv' for command environment
[2.786s] INFO:colcon.colcon_core.task.python.build:Building Python package in '/home/dllab/ros2_ws/src/turtlesim_test'
[2.789s] INFO:colcon.colcon_core.shell:Skip shell extension 'powershell' for command environment: Not usable outside of PowerShell
[2.790s] DEBUG:colcon.colcon_core.shell:Skip shell extension 'dsv' for command environment
[4.843s] DEBUG:colcon.colcon_core.event_handler.log_command:Invoking command in '/home/dllab/ros2_ws/build/turtlesim_test': PYTHONPATH=/home/dllab/ros2_ws/build/turtlesim_test/prefix_override:/home/dllab/ros2_ws/install/turtlesim_test/lib/python3.6/site-packages:${PYTHONPATH} /usr/bin/python3 setup.py develop --editable --build-directory /home/dllab/ros2_ws/build/turtlesim_test/build --no-deps install_data
[6.986s] Level 1:colcon.colcon_core.shell:create_environment_hook('turtlesim_test', 'pythonpath_develop')
[6.988s] INFO:colcon.colcon_core.shell:Creating environment hook '/home/dllab/ros2_ws/build/turtlesim_test/share/turtlesim_test/hook/pythonpath_develop.ps1'
[6.990s] DEBUG:colcon.colcon_core.event_handler.log_command:Invoked command in '/home/dllab/ros2_ws/build/turtlesim_test' returned '0': PYTHONPATH=/home/dllab/ros2_ws/build/turtlesim_test/prefix_override:/home/dllab/ros2_ws/install/turtlesim_test/lib/python3.6/site-packages:${PYTHONPATH} /usr/bin/python3 setup.py develop --editable --build-directory /home/dllab/ros2_ws/build/turtlesim_test/build --no-deps install_data
[6.993s] INFO:colcon.colcon_core.shell:Creating environment descriptor '/home/dllab/ros2_ws/build/turtlesim_test/share/turtlesim_test/hook/pythonpath_develop.dsv'
[6.994s] INFO:colcon.colcon_core.shell:Creating environment hook '/home/dllab/ros2_ws/build/turtlesim_test/share/turtlesim_test/hook/pythonpath_develop.sh'
[7.012s] Level 1:colcon.colcon_core.environment:checking '/home/dllab/ros2_ws/install/turtlesim_test' for CMake module files
[7.015s] Level 1:colcon.colcon_core.environment:checking '/home/dllab/ros2_ws/install/turtlesim_test' for CMake config files
[7.023s] Level 1:colcon.colcon_core.environment:checking '/home/dllab/ros2_ws/install/turtlesim_test/lib'
[7.024s] Level 1:colcon.colcon_core.environment:checking '/home/dllab/ros2_ws/install/turtlesim_test/bin'
[7.024s] Level 1:colcon.colcon_core.environment:checking '/home/dllab/ros2_ws/install/turtlesim_test/lib/pkgconfig/turtlesim_test.pc'
[7.025s] Level 1:colcon.colcon_core.environment:checking '/home/dllab/ros2_ws/install/turtlesim_test/lib/python3.6/site-packages'
[7.025s] Level 1:colcon.colcon_core.shell:create_environment_hook('turtlesim_test', 'pythonpath')
[7.028s] INFO:colcon.colcon_core.shell:Creating environment hook '/home/dllab/ros2_ws/install/turtlesim_test/share/turtlesim_test/hook/pythonpath.ps1'
[7.029s] INFO:colcon.colcon_core.shell:Creating environment descriptor '/home/dllab/ros2_ws/install/turtlesim_test/share/turtlesim_test/hook/pythonpath.dsv'
[7.031s] INFO:colcon.colcon_core.shell:Creating environment hook '/home/dllab/ros2_ws/install/turtlesim_test/share/turtlesim_test/hook/pythonpath.sh'
[7.033s] Level 1:colcon.colcon_core.environment:checking '/home/dllab/ros2_ws/install/turtlesim_test/bin'
[7.033s] Level 1:colcon.colcon_core.environment:create_environment_scripts_only(turtlesim_test)
[7.036s] INFO:colcon.colcon_core.shell:Creating package script '/home/dllab/ros2_ws/install/turtlesim_test/share/turtlesim_test/package.ps1'
[7.041s] INFO:colcon.colcon_core.shell:Creating package descriptor '/home/dllab/ros2_ws/install/turtlesim_test/share/turtlesim_test/package.dsv'
[7.044s] INFO:colcon.colcon_core.shell:Creating package script '/home/dllab/ros2_ws/install/turtlesim_test/share/turtlesim_test/package.sh'
[7.048s] INFO:colcon.colcon_core.shell:Creating package script '/home/dllab/ros2_ws/install/turtlesim_test/share/turtlesim_test/package.bash'
[7.053s] INFO:colcon.colcon_core.shell:Creating package script '/home/dllab/ros2_ws/install/turtlesim_test/share/turtlesim_test/package.zsh'
[7.057s] Level 1:colcon.colcon_core.environment:create_file_with_runtime_dependencies(/home/dllab/ros2_ws/install/turtlesim_test/share/colcon-core/packages/turtlesim_test)
[7.061s] DEBUG:colcon.colcon_parallel_executor.executor.parallel:closing loop
[7.063s] DEBUG:colcon.colcon_parallel_executor.executor.parallel:loop closed
[7.063s] DEBUG:colcon.colcon_parallel_executor.executor.parallel:run_until_complete finished with '0'
[7.064s] DEBUG:colcon.colcon_core.event_reactor:joining thread
[7.106s] INFO:colcon.colcon_core.plugin_system:Skipping extension 'colcon_notification.desktop_notification.terminal_notifier': Not used on non-Darwin systems
[7.107s] INFO:colcon.colcon_core.plugin_system:Skipping extension 'colcon_notification.desktop_notification.win32': Not used on non-Windows systems
[7.107s] INFO:colcon.colcon_notification.desktop_notification:Sending desktop notification using 'notify2'
[7.637s] DEBUG:colcon.colcon_core.event_reactor:joined thread
[7.639s] INFO:colcon.colcon_core.shell:Creating prefix script '/home/dllab/ros2_ws/install/local_setup.ps1'
[7.645s] INFO:colcon.colcon_core.shell:Creating prefix util module '/home/dllab/ros2_ws/install/_local_setup_util_ps1.py'
[7.653s] INFO:colcon.colcon_core.shell:Creating prefix chain script '/home/dllab/ros2_ws/install/setup.ps1'
[7.658s] INFO:colcon.colcon_core.shell:Creating prefix script '/home/dllab/ros2_ws/install/local_setup.sh'
[7.662s] INFO:colcon.colcon_core.shell:Creating prefix util module '/home/dllab/ros2_ws/install/_local_setup_util_sh.py'
[7.664s] INFO:colcon.colcon_core.shell:Creating prefix chain script '/home/dllab/ros2_ws/install/setup.sh'
[7.674s] INFO:colcon.colcon_core.shell:Creating prefix script '/home/dllab/ros2_ws/install/local_setup.bash'
[7.677s] INFO:colcon.colcon_core.shell:Creating prefix chain script '/home/dllab/ros2_ws/install/setup.bash'
[7.683s] INFO:colcon.colcon_core.shell:Creating prefix script '/home/dllab/ros2_ws/install/local_setup.zsh'
[7.686s] INFO:colcon.colcon_core.shell:Creating prefix chain script '/home/dllab/ros2_ws/install/setup.zsh'
