[0.571s] DEBUG:colcon:Command line arguments: ['/usr/bin/colcon', 'build', '--symlink-install']
[0.571s] DEBUG:colcon:Parsed command line arguments: Namespace(allow_overriding=[], ament_cmake_args=None, base_paths=['.'], build_base='build', catkin_cmake_args=None, catkin_skip_building_tests=False, cmake_args=None, cmake_clean_cache=False, cmake_clean_first=False, cmake_force_configure=False, cmake_target=None, cmake_target_skip_unavailable=False, continue_on_error=False, event_handlers=None, executor='parallel', ignore_user_meta=False, install_base='install', log_base=None, log_level=None, main=<bound method BuildVerb.main of <colcon_core.verb.build.BuildVerb object at 0x7fb3f08630>>, merge_install=False, metas=['./colcon.meta'], packages_above=None, packages_above_and_dependencies=None, packages_above_depth=None, packages_end=None, packages_ignore=None, packages_ignore_regex=None, packages_select=None, packages_select_build_failed=False, packages_select_by_dep=None, packages_select_regex=None, packages_select_test_failures=False, packages_skip=None, packages_skip_build_finished=False, packages_skip_by_dep=None, packages_skip_regex=None, packages_skip_test_passed=False, packages_skip_up_to=None, packages_start=None, packages_up_to=None, packages_up_to_regex=None, parallel_workers=4, paths=None, symlink_install=True, test_result_base=None, verb_extension=<colcon_core.verb.build.BuildVerb object at 0x7fb3f08630>, verb_name='build', verb_parser=<colcon_defaults.argument_parser.defaults.DefaultArgumentsDecorator object at 0x7fb3f08978>)
[0.673s] Level 1:colcon.colcon_core.package_discovery:discover_packages(colcon_meta) check parameters
[0.674s] Level 1:colcon.colcon_core.package_discovery:discover_packages(recursive) check parameters
[0.674s] Level 1:colcon.colcon_core.package_discovery:discover_packages(ignore) check parameters
[0.675s] Level 1:colcon.colcon_core.package_discovery:discover_packages(path) check parameters
[0.675s] Level 1:colcon.colcon_core.package_discovery:discover_packages(colcon_meta) discover
[0.677s] Level 1:colcon.colcon_core.package_discovery:discover_packages(recursive) discover
[0.677s] INFO:colcon.colcon_core.package_discovery:Crawling recursively for packages in '/home/dllab/ros2_ws'
[0.678s] Level 1:colcon.colcon_core.package_identification:_identify(.) by extensions ['ignore', 'ignore_ament_install']
[0.678s] Level 1:colcon.colcon_core.package_identification:_identify(.) by extension 'ignore'
[0.679s] Level 1:colcon.colcon_core.package_identification:_identify(.) by extension 'ignore_ament_install'
[0.679s] Level 1:colcon.colcon_core.package_identification:_identify(.) by extensions ['colcon_pkg']
[0.680s] Level 1:colcon.colcon_core.package_identification:_identify(.) by extension 'colcon_pkg'
[0.680s] Level 1:colcon.colcon_core.package_identification:_identify(.) by extensions ['colcon_meta']
[0.680s] Level 1:colcon.colcon_core.package_identification:_identify(.) by extension 'colcon_meta'
[0.681s] Level 1:colcon.colcon_core.package_identification:_identify(.) by extensions ['ros']
[0.681s] Level 1:colcon.colcon_core.package_identification:_identify(.) by extension 'ros'
[0.734s] Level 1:colcon.colcon_core.package_identification:_identify(.) by extensions ['cmake', 'python']
[0.734s] Level 1:colcon.colcon_core.package_identification:_identify(.) by extension 'cmake'
[0.734s] Level 1:colcon.colcon_core.package_identification:_identify(.) by extension 'python'
[0.735s] Level 1:colcon.colcon_core.package_identification:_identify(.) by extensions ['python_setup_py']
[0.735s] Level 1:colcon.colcon_core.package_identification:_identify(.) by extension 'python_setup_py'
[0.735s] Level 1:colcon.colcon_core.package_identification:_identify(build) by extensions ['ignore', 'ignore_ament_install']
[0.736s] Level 1:colcon.colcon_core.package_identification:_identify(build) by extension 'ignore'
[0.736s] Level 1:colcon.colcon_core.package_identification:_identify(build) ignored
[0.737s] Level 1:colcon.colcon_core.package_identification:_identify(install) by extensions ['ignore', 'ignore_ament_install']
[0.738s] Level 1:colcon.colcon_core.package_identification:_identify(install) by extension 'ignore'
[0.738s] Level 1:colcon.colcon_core.package_identification:_identify(install) ignored
[0.738s] Level 1:colcon.colcon_core.package_identification:_identify(log) by extensions ['ignore', 'ignore_ament_install']
[0.739s] Level 1:colcon.colcon_core.package_identification:_identify(log) by extension 'ignore'
[0.739s] Level 1:colcon.colcon_core.package_identification:_identify(log) ignored
[0.739s] Level 1:colcon.colcon_core.package_identification:_identify(src) by extensions ['ignore', 'ignore_ament_install']
[0.740s] Level 1:colcon.colcon_core.package_identification:_identify(src) by extension 'ignore'
[0.740s] Level 1:colcon.colcon_core.package_identification:_identify(src) by extension 'ignore_ament_install'
[0.740s] Level 1:colcon.colcon_core.package_identification:_identify(src) by extensions ['colcon_pkg']
[0.740s] Level 1:colcon.colcon_core.package_identification:_identify(src) by extension 'colcon_pkg'
[0.740s] Level 1:colcon.colcon_core.package_identification:_identify(src) by extensions ['colcon_meta']
[0.741s] Level 1:colcon.colcon_core.package_identification:_identify(src) by extension 'colcon_meta'
[0.741s] Level 1:colcon.colcon_core.package_identification:_identify(src) by extensions ['ros']
[0.741s] Level 1:colcon.colcon_core.package_identification:_identify(src) by extension 'ros'
[0.741s] Level 1:colcon.colcon_core.package_identification:_identify(src) by extensions ['cmake', 'python']
[0.741s] Level 1:colcon.colcon_core.package_identification:_identify(src) by extension 'cmake'
[0.742s] Level 1:colcon.colcon_core.package_identification:_identify(src) by extension 'python'
[0.742s] Level 1:colcon.colcon_core.package_identification:_identify(src) by extensions ['python_setup_py']
[0.742s] Level 1:colcon.colcon_core.package_identification:_identify(src) by extension 'python_setup_py'
[0.742s] Level 1:colcon.colcon_core.package_identification:_identify(src/turtlesim_test) by extensions ['ignore', 'ignore_ament_install']
[0.743s] Level 1:colcon.colcon_core.package_identification:_identify(src/turtlesim_test) by extension 'ignore'
[0.743s] Level 1:colcon.colcon_core.package_identification:_identify(src/turtlesim_test) by extension 'ignore_ament_install'
[0.743s] Level 1:colcon.colcon_core.package_identification:_identify(src/turtlesim_test) by extensions ['colcon_pkg']
[0.744s] Level 1:colcon.colcon_core.package_identification:_identify(src/turtlesim_test) by extension 'colcon_pkg'
[0.744s] Level 1:colcon.colcon_core.package_identification:_identify(src/turtlesim_test) by extensions ['colcon_meta']
[0.744s] Level 1:colcon.colcon_core.package_identification:_identify(src/turtlesim_test) by extension 'colcon_meta'
[0.744s] Level 1:colcon.colcon_core.package_identification:_identify(src/turtlesim_test) by extensions ['ros']
[0.745s] Level 1:colcon.colcon_core.package_identification:_identify(src/turtlesim_test) by extension 'ros'
[0.762s] DEBUG:colcon.colcon_core.package_identification:Package 'src/turtlesim_test' with type 'ros.ament_python' and name 'turtlesim_test'
[0.763s] Level 1:colcon.colcon_core.package_discovery:discover_packages(recursive) using defaults
[0.764s] Level 1:colcon.colcon_core.package_discovery:discover_packages(ignore) discover
[0.764s] Level 1:colcon.colcon_core.package_discovery:discover_packages(ignore) using defaults
[0.765s] Level 1:colcon.colcon_core.package_discovery:discover_packages(path) discover
[0.765s] Level 1:colcon.colcon_core.package_discovery:discover_packages(path) using defaults
[0.845s] Level 1:colcon.colcon_core.package_discovery:discover_packages(prefix_path) check parameters
[0.846s] Level 1:colcon.colcon_core.package_discovery:discover_packages(prefix_path) discover
[0.856s] DEBUG:colcon.colcon_installed_package_information.package_discovery:Found 1 installed packages in /home/dllab/ros2_ws/install
[0.863s] DEBUG:colcon.colcon_installed_package_information.package_discovery:Found 218 installed packages in /opt/ros/dashing
[0.871s] Level 1:colcon.colcon_core.package_discovery:discover_packages(prefix_path) using defaults
[1.258s] Level 5:colcon.colcon_core.verb:set package 'turtlesim_test' build argument 'cmake_args' from command line to 'None'
[1.258s] Level 5:colcon.colcon_core.verb:set package 'turtlesim_test' build argument 'cmake_target' from command line to 'None'
[1.259s] Level 5:colcon.colcon_core.verb:set package 'turtlesim_test' build argument 'cmake_target_skip_unavailable' from command line to 'False'
[1.259s] Level 5:colcon.colcon_core.verb:set package 'turtlesim_test' build argument 'cmake_clean_cache' from command line to 'False'
[1.259s] Level 5:colcon.colcon_core.verb:set package 'turtlesim_test' build argument 'cmake_clean_first' from command line to 'False'
[1.260s] Level 5:colcon.colcon_core.verb:set package 'turtlesim_test' build argument 'cmake_force_configure' from command line to 'False'
[1.260s] Level 5:colcon.colcon_core.verb:set package 'turtlesim_test' build argument 'ament_cmake_args' from command line to 'None'
[1.260s] Level 5:colcon.colcon_core.verb:set package 'turtlesim_test' build argument 'catkin_cmake_args' from command line to 'None'
[1.260s] Level 5:colcon.colcon_core.verb:set package 'turtlesim_test' build argument 'catkin_skip_building_tests' from command line to 'False'
[1.260s] DEBUG:colcon.colcon_core.verb:Building package 'turtlesim_test' with the following arguments: {'ament_cmake_args': None, 'build_base': '/home/dllab/ros2_ws/build/turtlesim_test', 'catkin_cmake_args': None, 'catkin_skip_building_tests': False, 'cmake_args': None, 'cmake_clean_cache': False, 'cmake_clean_first': False, 'cmake_force_configure': False, 'cmake_target': None, 'cmake_target_skip_unavailable': False, 'install_base': '/home/dllab/ros2_ws/install/turtlesim_test', 'merge_install': False, 'path': '/home/dllab/ros2_ws/src/turtlesim_test', 'symlink_install': True, 'test_result_base': None}
[1.262s] INFO:colcon.colcon_core.executor:Executing jobs using 'parallel' executor
[1.270s] DEBUG:colcon.colcon_parallel_executor.executor.parallel:run_until_complete
[1.273s] INFO:colcon.colcon_ros.task.ament_python.build:Building ROS package in '/home/dllab/ros2_ws/src/turtlesim_test' with build type 'ament_python'
[1.275s] Level 1:colcon.colcon_core.shell:create_environment_hook('turtlesim_test', 'ament_prefix_path')
[1.292s] INFO:colcon.colcon_core.plugin_system:Skipping extension 'colcon_core.shell.bat': Not used on non-Windows systems
[1.294s] INFO:colcon.colcon_core.shell:Creating environment hook '/home/dllab/ros2_ws/install/turtlesim_test/share/turtlesim_test/hook/ament_prefix_path.ps1'
[1.298s] INFO:colcon.colcon_core.shell:Creating environment descriptor '/home/dllab/ros2_ws/install/turtlesim_test/share/turtlesim_test/hook/ament_prefix_path.dsv'
[1.301s] INFO:colcon.colcon_core.shell:Creating environment hook '/home/dllab/ros2_ws/install/turtlesim_test/share/turtlesim_test/hook/ament_prefix_path.sh'
[1.307s] INFO:colcon.colcon_core.shell:Skip shell extension 'powershell' for command environment: Not usable outside of PowerShell
[1.307s] DEBUG:colcon.colcon_core.shell:Skip shell extension 'dsv' for command environment
[2.624s] INFO:colcon.colcon_core.task.python.build:Building Python package in '/home/dllab/ros2_ws/src/turtlesim_test'
[2.627s] INFO:colcon.colcon_core.shell:Skip shell extension 'powershell' for command environment: Not usable outside of PowerShell
[2.627s] DEBUG:colcon.colcon_core.shell:Skip shell extension 'dsv' for command environment
[4.464s] DEBUG:colcon.colcon_core.task.python.build:While undoing a previous installation files outside the Python library path are being ignored: /home/dllab/ros2_ws/install/turtlesim_test/share/ament_index/resource_index/packages/turtlesim_test
[4.464s] DEBUG:colcon.colcon_core.task.python.build:While undoing a previous installation files outside the Python library path are being ignored: /home/dllab/ros2_ws/install/turtlesim_test/share/turtlesim_test/package.xml
[4.465s] DEBUG:colcon.colcon_core.task.python.build:While undoing a previous installation files outside the Python library path are being ignored: /home/dllab/ros2_ws/install/turtlesim_test/lib/turtlesim_test/ps4_turtle
[4.474s] DEBUG:colcon.colcon_core.event_handler.log_command:Invoking command in '/home/dllab/ros2_ws/build/turtlesim_test': CONDA_PROMPT_MODIFIER=(jetson_inference) PYTHONPATH=/home/dllab/ros2_ws/build/turtlesim_test/prefix_override:/home/dllab/ros2_ws/install/turtlesim_test/lib/python3.6/site-packages:${PYTHONPATH} /usr/bin/python3 setup.py develop --editable --build-directory /home/dllab/ros2_ws/build/turtlesim_test/build --no-deps install_data
[6.576s] Level 1:colcon.colcon_core.shell:create_environment_hook('turtlesim_test', 'pythonpath_develop')
[6.580s] INFO:colcon.colcon_core.shell:Creating environment hook '/home/dllab/ros2_ws/build/turtlesim_test/share/turtlesim_test/hook/pythonpath_develop.ps1'
[6.586s] DEBUG:colcon.colcon_core.event_handler.log_command:Invoked command in '/home/dllab/ros2_ws/build/turtlesim_test' returned '0': CONDA_PROMPT_MODIFIER=(jetson_inference) PYTHONPATH=/home/dllab/ros2_ws/build/turtlesim_test/prefix_override:/home/dllab/ros2_ws/install/turtlesim_test/lib/python3.6/site-packages:${PYTHONPATH} /usr/bin/python3 setup.py develop --editable --build-directory /home/dllab/ros2_ws/build/turtlesim_test/build --no-deps install_data
[6.592s] INFO:colcon.colcon_core.shell:Creating environment descriptor '/home/dllab/ros2_ws/build/turtlesim_test/share/turtlesim_test/hook/pythonpath_develop.dsv'
[6.595s] INFO:colcon.colcon_core.shell:Creating environment hook '/home/dllab/ros2_ws/build/turtlesim_test/share/turtlesim_test/hook/pythonpath_develop.sh'
[6.611s] Level 1:colcon.colcon_core.environment:checking '/home/dllab/ros2_ws/install/turtlesim_test' for CMake module files
[6.614s] Level 1:colcon.colcon_core.environment:checking '/home/dllab/ros2_ws/install/turtlesim_test' for CMake config files
[6.617s] Level 1:colcon.colcon_core.environment:checking '/home/dllab/ros2_ws/install/turtlesim_test/lib'
[6.619s] Level 1:colcon.colcon_core.environment:checking '/home/dllab/ros2_ws/install/turtlesim_test/bin'
[6.619s] Level 1:colcon.colcon_core.environment:checking '/home/dllab/ros2_ws/install/turtlesim_test/lib/pkgconfig/turtlesim_test.pc'
[6.620s] Level 1:colcon.colcon_core.environment:checking '/home/dllab/ros2_ws/install/turtlesim_test/lib/python3.6/site-packages'
[6.620s] Level 1:colcon.colcon_core.shell:create_environment_hook('turtlesim_test', 'pythonpath')
[6.621s] INFO:colcon.colcon_core.shell:Creating environment hook '/home/dllab/ros2_ws/install/turtlesim_test/share/turtlesim_test/hook/pythonpath.ps1'
[6.623s] INFO:colcon.colcon_core.shell:Creating environment descriptor '/home/dllab/ros2_ws/install/turtlesim_test/share/turtlesim_test/hook/pythonpath.dsv'
[6.624s] INFO:colcon.colcon_core.shell:Creating environment hook '/home/dllab/ros2_ws/install/turtlesim_test/share/turtlesim_test/hook/pythonpath.sh'
[6.626s] Level 1:colcon.colcon_core.environment:checking '/home/dllab/ros2_ws/install/turtlesim_test/bin'
[6.626s] Level 1:colcon.colcon_core.environment:create_environment_scripts_only(turtlesim_test)
[6.628s] INFO:colcon.colcon_core.shell:Creating package script '/home/dllab/ros2_ws/install/turtlesim_test/share/turtlesim_test/package.ps1'
[6.632s] INFO:colcon.colcon_core.shell:Creating package descriptor '/home/dllab/ros2_ws/install/turtlesim_test/share/turtlesim_test/package.dsv'
[6.637s] INFO:colcon.colcon_core.shell:Creating package script '/home/dllab/ros2_ws/install/turtlesim_test/share/turtlesim_test/package.sh'
[6.643s] INFO:colcon.colcon_core.shell:Creating package script '/home/dllab/ros2_ws/install/turtlesim_test/share/turtlesim_test/package.bash'
[6.647s] INFO:colcon.colcon_core.shell:Creating package script '/home/dllab/ros2_ws/install/turtlesim_test/share/turtlesim_test/package.zsh'
[6.650s] Level 1:colcon.colcon_core.environment:create_file_with_runtime_dependencies(/home/dllab/ros2_ws/install/turtlesim_test/share/colcon-core/packages/turtlesim_test)
[6.653s] DEBUG:colcon.colcon_parallel_executor.executor.parallel:closing loop
[6.654s] DEBUG:colcon.colcon_parallel_executor.executor.parallel:loop closed
[6.655s] DEBUG:colcon.colcon_parallel_executor.executor.parallel:run_until_complete finished with '0'
[6.655s] DEBUG:colcon.colcon_core.event_reactor:joining thread
[6.676s] INFO:colcon.colcon_core.plugin_system:Skipping extension 'colcon_notification.desktop_notification.terminal_notifier': Not used on non-Darwin systems
[6.676s] INFO:colcon.colcon_core.plugin_system:Skipping extension 'colcon_notification.desktop_notification.win32': Not used on non-Windows systems
[6.677s] INFO:colcon.colcon_notification.desktop_notification:Sending desktop notification using 'notify2'
[7.078s] DEBUG:colcon.colcon_core.event_reactor:joined thread
[7.080s] INFO:colcon.colcon_core.shell:Creating prefix script '/home/dllab/ros2_ws/install/local_setup.ps1'
[7.088s] INFO:colcon.colcon_core.shell:Creating prefix util module '/home/dllab/ros2_ws/install/_local_setup_util_ps1.py'
[7.104s] INFO:colcon.colcon_core.shell:Creating prefix chain script '/home/dllab/ros2_ws/install/setup.ps1'
[7.112s] INFO:colcon.colcon_core.shell:Creating prefix script '/home/dllab/ros2_ws/install/local_setup.sh'
[7.117s] INFO:colcon.colcon_core.shell:Creating prefix util module '/home/dllab/ros2_ws/install/_local_setup_util_sh.py'
[7.120s] INFO:colcon.colcon_core.shell:Creating prefix chain script '/home/dllab/ros2_ws/install/setup.sh'
[7.134s] INFO:colcon.colcon_core.shell:Creating prefix script '/home/dllab/ros2_ws/install/local_setup.bash'
[7.138s] INFO:colcon.colcon_core.shell:Creating prefix chain script '/home/dllab/ros2_ws/install/setup.bash'
[7.159s] INFO:colcon.colcon_core.shell:Creating prefix script '/home/dllab/ros2_ws/install/local_setup.zsh'
[7.163s] INFO:colcon.colcon_core.shell:Creating prefix chain script '/home/dllab/ros2_ws/install/setup.zsh'
